2019-04-04 15:30:46,897 INFO  ApplicationPlugin - 
############### Sherpa Client Started ###############
--- System Properties ---
java.runtime.name: Java(TM) SE Runtime Environment
java.vm.version: 25.45-b02
java.version: 1.8.0_45
java.runtime.version: 1.8.0_45-b14
java.vm.vendor: Oracle Corporation
java.vm.name: Java HotSpot(TM) 64-Bit Server VM
java.vm.info: mixed mode
java.specification.version: 1.8
java.class.version: 52.0
java.home: /home/marco/sherpa-client-LIVE/jre
user.name: marco
user.home: /home/marco
user.dir: /home/marco/Schreibtisch/Code/Green-Form
user.language: de
user.country: DE
os.name: Linux
os.version: 4.15.0-46-generic
os.arch: amd64
java.io.tmpdir: /tmp
file.encoding: utf-8
sherpa.development: false
--- Runtime ---
Processor cores: 4
Free memory: 278203072
Total memory: 324534272
--- File System ---
--- Simple CPU bench [us] ---
 81259
2019-04-04 15:31:04,256 INFO  SessionHandler - creating new io session
2019-04-04 15:31:04,256 INFO  SessionHandler - preparing socket connector...
2019-04-04 15:31:04,343 INFO  SessionHandler - done.
2019-04-04 15:31:04,585 INFO  SessionHandler - session created
2019-04-04 15:31:04,588 INFO  SessionHandler - session opened
2019-04-04 15:31:04,997 INFO  SessionHandler - ensureSessionCreateIfNecessary: took 740 ms
2019-04-04 15:31:05,003 INFO  SessionManagementFacadeImpl - HostFingerprint [ifHardwareAdress=c8:f7:33:27:1d:d4, IfName=wlp1s0, osName=Linux, osVersion=4.15.0-46-generic, osArch=amd64, javaName=Java HotSpot(TM) 64-Bit Server VM, javaVersion=1.8.0_45, javaHome=/home/marco/sherpa-client-LIVE/jre, processorCores=4]
2019-04-04 15:36:30,558 INFO  SessionHandler - exception while processing session IOException: Die Verbindung wurde vom Kommunikationspartner zurückgesetzt
2019-04-04 15:36:30,558 WARN  SessionHandler - fireing i/o exception caught
2019-04-04 15:36:30,561 ERROR CommunicationPlugin - Interner Fehler des Kommunikationssystems.
java.io.IOException: Die Verbindung wurde vom Kommunikationspartner zurückgesetzt
	at sun.nio.ch.FileDispatcherImpl.read0(Native Method)
	at sun.nio.ch.SocketDispatcher.read(SocketDispatcher.java:39)
	at sun.nio.ch.IOUtil.readIntoNativeBuffer(IOUtil.java:223)
	at sun.nio.ch.IOUtil.read(IOUtil.java:197)
	at sun.nio.ch.SocketChannelImpl.read(SocketChannelImpl.java:380)
	at org.apache.mina.transport.socket.nio.NioProcessor.read(NioProcessor.java:273)
	at org.apache.mina.transport.socket.nio.NioProcessor.read(NioProcessor.java:44)
	at org.apache.mina.core.polling.AbstractPollingIoProcessor.read(AbstractPollingIoProcessor.java:690)
	at org.apache.mina.core.polling.AbstractPollingIoProcessor.process(AbstractPollingIoProcessor.java:664)
	at org.apache.mina.core.polling.AbstractPollingIoProcessor.process(AbstractPollingIoProcessor.java:653)
	at org.apache.mina.core.polling.AbstractPollingIoProcessor.access$600(AbstractPollingIoProcessor.java:67)
	at org.apache.mina.core.polling.AbstractPollingIoProcessor$Processor.run(AbstractPollingIoProcessor.java:1124)
	at org.apache.mina.util.NamePreservingRunnable.run(NamePreservingRunnable.java:64)
	at java.util.concurrent.ThreadPoolExecutor.runWorker(ThreadPoolExecutor.java:1142)
	at java.util.concurrent.ThreadPoolExecutor$Worker.run(ThreadPoolExecutor.java:617)
	at java.lang.Thread.run(Thread.java:745)
2019-04-04 15:36:30,570 INFO  SessionHandler - session closed
2019-04-04 15:48:59,770 INFO  SessionHandler - creating new io session
2019-04-04 15:48:59,771 INFO  SessionHandler - preparing socket connector...
2019-04-04 15:48:59,802 INFO  SessionHandler - done.
2019-04-04 15:48:59,857 INFO  SessionHandler - session created
2019-04-04 15:48:59,857 INFO  SessionHandler - session opened
2019-04-04 15:48:59,857 WARN  SessionHandler - found I/O session exception, closing session...
2019-04-04 15:48:59,858 WARN  SessionHandler - session closed
2019-04-04 15:48:59,884 ERROR SecurityPlugin - java.lang.reflect.InvocationTargetException
com.proximity.gp.common.exception.SherpaServiceException: java.lang.reflect.InvocationTargetException
	at com.proximity.gp.client.communication.RemoteFacade.executeCommand(RemoteFacade.java:71)
	at com.proximity.gp.client.communication.RemoteFacade.executeCommand(RemoteFacade.java:26)
	at com.proximity.gp.client.security.service.SessionManagementFacadeImpl.closeSession(SessionManagementFacadeImpl.java:446)
	at com.proximity.gp.client.security.service.SecurityService.postShutdown(SecurityService.java:108)
	at com.proximity.gp.client.controller.uielements.ApplicationWorkbenchAdvisor.notifyListener(ApplicationWorkbenchAdvisor.java:164)
	at com.proximity.gp.client.controller.uielements.ApplicationWorkbenchAdvisor.postShutdown(ApplicationWorkbenchAdvisor.java:94)
	at org.eclipse.ui.internal.Workbench.shutdown(Workbench.java:3143)
	at org.eclipse.ui.internal.Workbench.busyClose(Workbench.java:1161)
	at org.eclipse.ui.internal.Workbench.access$21(Workbench.java:1073)
	at org.eclipse.ui.internal.Workbench$19.run(Workbench.java:1414)
	at org.eclipse.swt.custom.BusyIndicator.showWhile(BusyIndicator.java:70)
	at org.eclipse.ui.internal.Workbench.close(Workbench.java:1411)
	at org.eclipse.ui.internal.Workbench.close(Workbench.java:1384)
	at org.eclipse.ui.internal.WorkbenchWindow.busyClose(WorkbenchWindow.java:1571)
	at org.eclipse.ui.internal.WorkbenchWindow.access$16(WorkbenchWindow.java:1542)
	at org.eclipse.ui.internal.WorkbenchWindow$11.run(WorkbenchWindow.java:1603)
	at org.eclipse.swt.custom.BusyIndicator.showWhile(BusyIndicator.java:70)
	at org.eclipse.ui.internal.WorkbenchWindow.close(WorkbenchWindow.java:1600)
	at org.eclipse.ui.internal.WorkbenchWindow.close(WorkbenchWindow.java:1614)
	at org.eclipse.ui.internal.WorkbenchWindow$6.close(WorkbenchWindow.java:523)
	at org.eclipse.e4.ui.workbench.renderers.swt.WBWRenderer$7.shellClosed(WBWRenderer.java:518)
	at org.eclipse.swt.widgets.TypedListener.handleEvent(TypedListener.java:98)
	at org.eclipse.swt.widgets.EventTable.sendEvent(EventTable.java:84)
	at org.eclipse.swt.widgets.Display.sendEvent(Display.java:4481)
	at org.eclipse.swt.widgets.Widget.sendEvent(Widget.java:1329)
	at org.eclipse.swt.widgets.Widget.sendEvent(Widget.java:1353)
	at org.eclipse.swt.widgets.Widget.sendEvent(Widget.java:1338)
	at org.eclipse.swt.widgets.Shell.closeWidget(Shell.java:654)
	at org.eclipse.swt.widgets.Shell.gtk_delete_event(Shell.java:1272)
	at org.eclipse.swt.widgets.Widget.windowProc(Widget.java:1963)
	at org.eclipse.swt.widgets.Control.windowProc(Control.java:5590)
	at org.eclipse.swt.widgets.Display.windowProc(Display.java:4717)
	at org.eclipse.swt.internal.gtk.OS._gtk_main_do_event(Native Method)
	at org.eclipse.swt.internal.gtk.OS.gtk_main_do_event(OS.java:9279)
	at org.eclipse.swt.widgets.Display.eventProc(Display.java:1225)
	at org.eclipse.swt.internal.gtk.OS._g_main_context_iteration(Native Method)
	at org.eclipse.swt.internal.gtk.OS.g_main_context_iteration(OS.java:2425)
	at org.eclipse.swt.widgets.Display.readAndDispatch(Display.java:3428)
	at org.eclipse.e4.ui.internal.workbench.swt.PartRenderingEngine$4.run(PartRenderingEngine.java:1127)
	at org.eclipse.core.databinding.observable.Realm.runWithDefault(Realm.java:337)
	at org.eclipse.e4.ui.internal.workbench.swt.PartRenderingEngine.run(PartRenderingEngine.java:1018)
	at org.eclipse.e4.ui.internal.workbench.E4Workbench.createAndRunUI(E4Workbench.java:156)
	at org.eclipse.ui.internal.Workbench$5.run(Workbench.java:654)
	at org.eclipse.core.databinding.observable.Realm.runWithDefault(Realm.java:337)
	at org.eclipse.ui.internal.Workbench.createAndRunWorkbench(Workbench.java:598)
	at org.eclipse.ui.PlatformUI.createAndRunWorkbench(PlatformUI.java:150)
	at com.proximity.gp.client.application.BaseApplication.start(BaseApplication.java:72)
	at org.eclipse.equinox.internal.app.EclipseAppHandle.run(EclipseAppHandle.java:196)
	at org.eclipse.core.runtime.internal.adaptor.EclipseAppLauncher.runApplication(EclipseAppLauncher.java:134)
	at org.eclipse.core.runtime.internal.adaptor.EclipseAppLauncher.start(EclipseAppLauncher.java:104)
	at org.eclipse.core.runtime.adaptor.EclipseStarter.run(EclipseStarter.java:380)
	at org.eclipse.core.runtime.adaptor.EclipseStarter.run(EclipseStarter.java:235)
	at sun.reflect.NativeMethodAccessorImpl.invoke0(Native Method)
	at sun.reflect.NativeMethodAccessorImpl.invoke(NativeMethodAccessorImpl.java:62)
	at sun.reflect.DelegatingMethodAccessorImpl.invoke(DelegatingMethodAccessorImpl.java:43)
	at java.lang.reflect.Method.invoke(Method.java:497)
	at org.eclipse.equinox.launcher.Main.invokeFramework(Main.java:669)
	at org.eclipse.equinox.launcher.Main.basicRun(Main.java:608)
	at org.eclipse.equinox.launcher.Main.run(Main.java:1515)
	at org.eclipse.equinox.launcher.Main.main(Main.java:1488)
Caused by: com.proximity.gp.common.communication.CommunicationServiceException: java.lang.reflect.InvocationTargetException
	at com.proximity.gp.client.communication.CommunicationService.privilegedInvoke(CommunicationService.java:113)
	at com.proximity.gp.client.communication.CommunicationService.invoke(CommunicationService.java:87)
	at com.proximity.gp.client.communication.RemoteFacade.executeCommand(RemoteFacade.java:52)
	... 59 more
Caused by: java.lang.reflect.InvocationTargetException
	at org.eclipse.jface.operation.ModalContext.run(ModalContext.java:420)
	at org.eclipse.jface.dialogs.ProgressMonitorDialog.run(ProgressMonitorDialog.java:500)
	at com.proximity.gp.client.communication.CommunicationService.privilegedInvoke(CommunicationService.java:110)
	... 61 more
Caused by: java.lang.IllegalStateException: java.io.IOException: Die Verbindung wurde vom Kommunikationspartner zurückgesetzt
	at com.proximity.gp.client.communication.internal.service.SessionHandler.checkForIoSessionException(SessionHandler.java:504)
	at com.proximity.gp.client.communication.internal.service.SessionHandler.ensureSessionCreateIfNecessary(SessionHandler.java:316)
	at com.proximity.gp.client.communication.internal.service.SessionHandler.sendObject(SessionHandler.java:173)
	at com.proximity.gp.client.communication.internal.service.CommunicationRunnable.run(CommunicationRunnable.java:110)
	at org.eclipse.jface.operation.ModalContext$ModalContextThread.run(ModalContext.java:119)
Caused by: java.io.IOException: Die Verbindung wurde vom Kommunikationspartner zurückgesetzt
	at sun.nio.ch.FileDispatcherImpl.read0(Native Method)
	at sun.nio.ch.SocketDispatcher.read(SocketDispatcher.java:39)
	at sun.nio.ch.IOUtil.readIntoNativeBuffer(IOUtil.java:223)
	at sun.nio.ch.IOUtil.read(IOUtil.java:197)
	at sun.nio.ch.SocketChannelImpl.read(SocketChannelImpl.java:380)
	at org.apache.mina.transport.socket.nio.NioProcessor.read(NioProcessor.java:273)
	at org.apache.mina.transport.socket.nio.NioProcessor.read(NioProcessor.java:44)
	at org.apache.mina.core.polling.AbstractPollingIoProcessor.read(AbstractPollingIoProcessor.java:690)
	at org.apache.mina.core.polling.AbstractPollingIoProcessor.process(AbstractPollingIoProcessor.java:664)
	at org.apache.mina.core.polling.AbstractPollingIoProcessor.process(AbstractPollingIoProcessor.java:653)
	at org.apache.mina.core.polling.AbstractPollingIoProcessor.access$600(AbstractPollingIoProcessor.java:67)
	at org.apache.mina.core.polling.AbstractPollingIoProcessor$Processor.run(AbstractPollingIoProcessor.java:1124)
	at org.apache.mina.util.NamePreservingRunnable.run(NamePreservingRunnable.java:64)
	at java.util.concurrent.ThreadPoolExecutor.runWorker(ThreadPoolExecutor.java:1142)
	at java.util.concurrent.ThreadPoolExecutor$Worker.run(ThreadPoolExecutor.java:617)
	at java.lang.Thread.run(Thread.java:745)
java.lang.reflect.InvocationTargetException
com.proximity.gp.common.communication.CommunicationServiceException: java.lang.reflect.InvocationTargetException
	at com.proximity.gp.client.communication.CommunicationService.privilegedInvoke(CommunicationService.java:113)
	at com.proximity.gp.client.communication.CommunicationService.invoke(CommunicationService.java:87)
	at com.proximity.gp.client.communication.RemoteFacade.executeCommand(RemoteFacade.java:52)
	at com.proximity.gp.client.communication.RemoteFacade.executeCommand(RemoteFacade.java:26)
	at com.proximity.gp.client.security.service.SessionManagementFacadeImpl.closeSession(SessionManagementFacadeImpl.java:446)
	at com.proximity.gp.client.security.service.SecurityService.postShutdown(SecurityService.java:108)
	at com.proximity.gp.client.controller.uielements.ApplicationWorkbenchAdvisor.notifyListener(ApplicationWorkbenchAdvisor.java:164)
	at com.proximity.gp.client.controller.uielements.ApplicationWorkbenchAdvisor.postShutdown(ApplicationWorkbenchAdvisor.java:94)
	at org.eclipse.ui.internal.Workbench.shutdown(Workbench.java:3143)
	at org.eclipse.ui.internal.Workbench.busyClose(Workbench.java:1161)
	at org.eclipse.ui.internal.Workbench.access$21(Workbench.java:1073)
	at org.eclipse.ui.internal.Workbench$19.run(Workbench.java:1414)
	at org.eclipse.swt.custom.BusyIndicator.showWhile(BusyIndicator.java:70)
	at org.eclipse.ui.internal.Workbench.close(Workbench.java:1411)
	at org.eclipse.ui.internal.Workbench.close(Workbench.java:1384)
	at org.eclipse.ui.internal.WorkbenchWindow.busyClose(WorkbenchWindow.java:1571)
	at org.eclipse.ui.internal.WorkbenchWindow.access$16(WorkbenchWindow.java:1542)
	at org.eclipse.ui.internal.WorkbenchWindow$11.run(WorkbenchWindow.java:1603)
	at org.eclipse.swt.custom.BusyIndicator.showWhile(BusyIndicator.java:70)
	at org.eclipse.ui.internal.WorkbenchWindow.close(WorkbenchWindow.java:1600)
	at org.eclipse.ui.internal.WorkbenchWindow.close(WorkbenchWindow.java:1614)
	at org.eclipse.ui.internal.WorkbenchWindow$6.close(WorkbenchWindow.java:523)
	at org.eclipse.e4.ui.workbench.renderers.swt.WBWRenderer$7.shellClosed(WBWRenderer.java:518)
	at org.eclipse.swt.widgets.TypedListener.handleEvent(TypedListener.java:98)
	at org.eclipse.swt.widgets.EventTable.sendEvent(EventTable.java:84)
	at org.eclipse.swt.widgets.Display.sendEvent(Display.java:4481)
	at org.eclipse.swt.widgets.Widget.sendEvent(Widget.java:1329)
	at org.eclipse.swt.widgets.Widget.sendEvent(Widget.java:1353)
	at org.eclipse.swt.widgets.Widget.sendEvent(Widget.java:1338)
	at org.eclipse.swt.widgets.Shell.closeWidget(Shell.java:654)
	at org.eclipse.swt.widgets.Shell.gtk_delete_event(Shell.java:1272)
	at org.eclipse.swt.widgets.Widget.windowProc(Widget.java:1963)
	at org.eclipse.swt.widgets.Control.windowProc(Control.java:5590)
	at org.eclipse.swt.widgets.Display.windowProc(Display.java:4717)
	at org.eclipse.swt.internal.gtk.OS._gtk_main_do_event(Native Method)
	at org.eclipse.swt.internal.gtk.OS.gtk_main_do_event(OS.java:9279)
	at org.eclipse.swt.widgets.Display.eventProc(Display.java:1225)
	at org.eclipse.swt.internal.gtk.OS._g_main_context_iteration(Native Method)
	at org.eclipse.swt.internal.gtk.OS.g_main_context_iteration(OS.java:2425)
	at org.eclipse.swt.widgets.Display.readAndDispatch(Display.java:3428)
	at org.eclipse.e4.ui.internal.workbench.swt.PartRenderingEngine$4.run(PartRenderingEngine.java:1127)
	at org.eclipse.core.databinding.observable.Realm.runWithDefault(Realm.java:337)
	at org.eclipse.e4.ui.internal.workbench.swt.PartRenderingEngine.run(PartRenderingEngine.java:1018)
	at org.eclipse.e4.ui.internal.workbench.E4Workbench.createAndRunUI(E4Workbench.java:156)
	at org.eclipse.ui.internal.Workbench$5.run(Workbench.java:654)
	at org.eclipse.core.databinding.observable.Realm.runWithDefault(Realm.java:337)
	at org.eclipse.ui.internal.Workbench.createAndRunWorkbench(Workbench.java:598)
	at org.eclipse.ui.PlatformUI.createAndRunWorkbench(PlatformUI.java:150)
	at com.proximity.gp.client.application.BaseApplication.start(BaseApplication.java:72)
	at org.eclipse.equinox.internal.app.EclipseAppHandle.run(EclipseAppHandle.java:196)
	at org.eclipse.core.runtime.internal.adaptor.EclipseAppLauncher.runApplication(EclipseAppLauncher.java:134)
	at org.eclipse.core.runtime.internal.adaptor.EclipseAppLauncher.start(EclipseAppLauncher.java:104)
	at org.eclipse.core.runtime.adaptor.EclipseStarter.run(EclipseStarter.java:380)
	at org.eclipse.core.runtime.adaptor.EclipseStarter.run(EclipseStarter.java:235)
	at sun.reflect.NativeMethodAccessorImpl.invoke0(Native Method)
	at sun.reflect.NativeMethodAccessorImpl.invoke(NativeMethodAccessorImpl.java:62)
	at sun.reflect.DelegatingMethodAccessorImpl.invoke(DelegatingMethodAccessorImpl.java:43)
	at java.lang.reflect.Method.invoke(Method.java:497)
	at org.eclipse.equinox.launcher.Main.invokeFramework(Main.java:669)
	at org.eclipse.equinox.launcher.Main.basicRun(Main.java:608)
	at org.eclipse.equinox.launcher.Main.run(Main.java:1515)
	at org.eclipse.equinox.launcher.Main.main(Main.java:1488)
Caused by: java.lang.reflect.InvocationTargetException
	at org.eclipse.jface.operation.ModalContext.run(ModalContext.java:420)
	at org.eclipse.jface.dialogs.ProgressMonitorDialog.run(ProgressMonitorDialog.java:500)
	at com.proximity.gp.client.communication.CommunicationService.privilegedInvoke(CommunicationService.java:110)
	... 61 more
Caused by: java.lang.IllegalStateException: java.io.IOException: Die Verbindung wurde vom Kommunikationspartner zurückgesetzt
	at com.proximity.gp.client.communication.internal.service.SessionHandler.checkForIoSessionException(SessionHandler.java:504)
	at com.proximity.gp.client.communication.internal.service.SessionHandler.ensureSessionCreateIfNecessary(SessionHandler.java:316)
	at com.proximity.gp.client.communication.internal.service.SessionHandler.sendObject(SessionHandler.java:173)
	at com.proximity.gp.client.communication.internal.service.CommunicationRunnable.run(CommunicationRunnable.java:110)
	at org.eclipse.jface.operation.ModalContext$ModalContextThread.run(ModalContext.java:119)
Caused by: java.io.IOException: Die Verbindung wurde vom Kommunikationspartner zurückgesetzt
	at sun.nio.ch.FileDispatcherImpl.read0(Native Method)
	at sun.nio.ch.SocketDispatcher.read(SocketDispatcher.java:39)
	at sun.nio.ch.IOUtil.readIntoNativeBuffer(IOUtil.java:223)
	at sun.nio.ch.IOUtil.read(IOUtil.java:197)
	at sun.nio.ch.SocketChannelImpl.read(SocketChannelImpl.java:380)
	at org.apache.mina.transport.socket.nio.NioProcessor.read(NioProcessor.java:273)
	at org.apache.mina.transport.socket.nio.NioProcessor.read(NioProcessor.java:44)
	at org.apache.mina.core.polling.AbstractPollingIoProcessor.read(AbstractPollingIoProcessor.java:690)
	at org.apache.mina.core.polling.AbstractPollingIoProcessor.process(AbstractPollingIoProcessor.java:664)
	at org.apache.mina.core.polling.AbstractPollingIoProcessor.process(AbstractPollingIoProcessor.java:653)
	at org.apache.mina.core.polling.AbstractPollingIoProcessor.access$600(AbstractPollingIoProcessor.java:67)
	at org.apache.mina.core.polling.AbstractPollingIoProcessor$Processor.run(AbstractPollingIoProcessor.java:1124)
	at org.apache.mina.util.NamePreservingRunnable.run(NamePreservingRunnable.java:64)
	at java.util.concurrent.ThreadPoolExecutor.runWorker(ThreadPoolExecutor.java:1142)
	at java.util.concurrent.ThreadPoolExecutor$Worker.run(ThreadPoolExecutor.java:617)
	at java.lang.Thread.run(Thread.java:745)

2019-04-04 15:48:59,906 ERROR SecurityPlugin - Interner Fehler
java.lang.NullPointerException
	at com.proximity.gp.client.security.action.ContextSwitchAction.update(ContextSwitchAction.java:191)
	at com.proximity.gp.client.security.action.ContextSwitchAction.contextSwitched(ContextSwitchAction.java:185)
	at com.proximity.gp.client.security.service.SecurityEventDispatcher.notifyContextSwitched(SecurityEventDispatcher.java:53)
	at com.proximity.gp.client.security.service.ClientSecurityRealm.userLogoffPerformed(ClientSecurityRealm.java:344)
	at com.proximity.gp.client.security.service.SecurityEventDispatcher.notifyUserLogoffPerformed(SecurityEventDispatcher.java:41)
	at com.proximity.gp.client.security.service.SessionManagementFacadeImpl.closeSession(SessionManagementFacadeImpl.java:458)
	at com.proximity.gp.client.security.service.SecurityService.postShutdown(SecurityService.java:108)
	at com.proximity.gp.client.controller.uielements.ApplicationWorkbenchAdvisor.notifyListener(ApplicationWorkbenchAdvisor.java:164)
	at com.proximity.gp.client.controller.uielements.ApplicationWorkbenchAdvisor.postShutdown(ApplicationWorkbenchAdvisor.java:94)
	at org.eclipse.ui.internal.Workbench.shutdown(Workbench.java:3143)
	at org.eclipse.ui.internal.Workbench.busyClose(Workbench.java:1161)
	at org.eclipse.ui.internal.Workbench.access$21(Workbench.java:1073)
	at org.eclipse.ui.internal.Workbench$19.run(Workbench.java:1414)
	at org.eclipse.swt.custom.BusyIndicator.showWhile(BusyIndicator.java:70)
	at org.eclipse.ui.internal.Workbench.close(Workbench.java:1411)
	at org.eclipse.ui.internal.Workbench.close(Workbench.java:1384)
	at org.eclipse.ui.internal.WorkbenchWindow.busyClose(WorkbenchWindow.java:1571)
	at org.eclipse.ui.internal.WorkbenchWindow.access$16(WorkbenchWindow.java:1542)
	at org.eclipse.ui.internal.WorkbenchWindow$11.run(WorkbenchWindow.java:1603)
	at org.eclipse.swt.custom.BusyIndicator.showWhile(BusyIndicator.java:70)
	at org.eclipse.ui.internal.WorkbenchWindow.close(WorkbenchWindow.java:1600)
	at org.eclipse.ui.internal.WorkbenchWindow.close(WorkbenchWindow.java:1614)
	at org.eclipse.ui.internal.WorkbenchWindow$6.close(WorkbenchWindow.java:523)
	at org.eclipse.e4.ui.workbench.renderers.swt.WBWRenderer$7.shellClosed(WBWRenderer.java:518)
	at org.eclipse.swt.widgets.TypedListener.handleEvent(TypedListener.java:98)
	at org.eclipse.swt.widgets.EventTable.sendEvent(EventTable.java:84)
	at org.eclipse.swt.widgets.Display.sendEvent(Display.java:4481)
	at org.eclipse.swt.widgets.Widget.sendEvent(Widget.java:1329)
	at org.eclipse.swt.widgets.Widget.sendEvent(Widget.java:1353)
	at org.eclipse.swt.widgets.Widget.sendEvent(Widget.java:1338)
	at org.eclipse.swt.widgets.Shell.closeWidget(Shell.java:654)
	at org.eclipse.swt.widgets.Shell.gtk_delete_event(Shell.java:1272)
	at org.eclipse.swt.widgets.Widget.windowProc(Widget.java:1963)
	at org.eclipse.swt.widgets.Control.windowProc(Control.java:5590)
	at org.eclipse.swt.widgets.Display.windowProc(Display.java:4717)
	at org.eclipse.swt.internal.gtk.OS._gtk_main_do_event(Native Method)
	at org.eclipse.swt.internal.gtk.OS.gtk_main_do_event(OS.java:9279)
	at org.eclipse.swt.widgets.Display.eventProc(Display.java:1225)
	at org.eclipse.swt.internal.gtk.OS._g_main_context_iteration(Native Method)
	at org.eclipse.swt.internal.gtk.OS.g_main_context_iteration(OS.java:2425)
	at org.eclipse.swt.widgets.Display.readAndDispatch(Display.java:3428)
	at org.eclipse.e4.ui.internal.workbench.swt.PartRenderingEngine$4.run(PartRenderingEngine.java:1127)
	at org.eclipse.core.databinding.observable.Realm.runWithDefault(Realm.java:337)
	at org.eclipse.e4.ui.internal.workbench.swt.PartRenderingEngine.run(PartRenderingEngine.java:1018)
	at org.eclipse.e4.ui.internal.workbench.E4Workbench.createAndRunUI(E4Workbench.java:156)
	at org.eclipse.ui.internal.Workbench$5.run(Workbench.java:654)
	at org.eclipse.core.databinding.observable.Realm.runWithDefault(Realm.java:337)
	at org.eclipse.ui.internal.Workbench.createAndRunWorkbench(Workbench.java:598)
	at org.eclipse.ui.PlatformUI.createAndRunWorkbench(PlatformUI.java:150)
	at com.proximity.gp.client.application.BaseApplication.start(BaseApplication.java:72)
	at org.eclipse.equinox.internal.app.EclipseAppHandle.run(EclipseAppHandle.java:196)
	at org.eclipse.core.runtime.internal.adaptor.EclipseAppLauncher.runApplication(EclipseAppLauncher.java:134)
	at org.eclipse.core.runtime.internal.adaptor.EclipseAppLauncher.start(EclipseAppLauncher.java:104)
	at org.eclipse.core.runtime.adaptor.EclipseStarter.run(EclipseStarter.java:380)
	at org.eclipse.core.runtime.adaptor.EclipseStarter.run(EclipseStarter.java:235)
	at sun.reflect.NativeMethodAccessorImpl.invoke0(Native Method)
	at sun.reflect.NativeMethodAccessorImpl.invoke(NativeMethodAccessorImpl.java:62)
	at sun.reflect.DelegatingMethodAccessorImpl.invoke(DelegatingMethodAccessorImpl.java:43)
	at java.lang.reflect.Method.invoke(Method.java:497)
	at org.eclipse.equinox.launcher.Main.invokeFramework(Main.java:669)
	at org.eclipse.equinox.launcher.Main.basicRun(Main.java:608)
	at org.eclipse.equinox.launcher.Main.run(Main.java:1515)
	at org.eclipse.equinox.launcher.Main.main(Main.java:1488)
2019-04-04 15:49:00,044 INFO  BaseApplication - base application stopped on 04.04.19 15:49 with returnCode 0
